2024-05-25 13:45:25.198 [INFO] datacap starting
2024-05-25 13:45:25.199 [INFO] dc_id=[1]
2024-05-25 13:45:25.199 [INFO] init file path [/home/emdc/EMDC/etc/emdc.conf]
2024-05-25 13:45:25.201 [INFO] DATACAP1:GPIO_PIN_RA  [0]
2024-05-25 13:45:25.201 [INFO] DATACAP1:GPIO_PIN_RR  [0]
2024-05-25 13:45:25.201 [INFO] opening queue /qin
2024-05-25 13:45:25.201 [INFO] queue will be opened in non-blocking mode
2024-05-25 13:45:25.202 [INFO] max #msgs = 10, max #bytes/msg = 8192, #currently on queue = 0
2024-05-25 13:45:25.202 [INFO] queue /qin opened OK, descriptor [4]
2024-05-25 13:45:25.202 [INFO] pin [0] mode set to INPUT
2024-05-25 13:45:25.202 [INFO] detected status HIGH for pin [0]
2024-05-25 13:45:25.202 [INFO] pin [0] mode set to INPUT
2024-05-25 13:45:25.203 [INFO] detected status HIGH for pin [0]
2024-05-25 13:45:26.206 [DEBUG] status detected now in pin 0 is HIGH
2024-05-25 13:45:26.206 [INFO] callback with no status change for pin 0
2024-05-25 13:45:26.207 [INFO] wiringPiISR() for pin [0] returned [0]
2024-05-25 13:45:27.209 [INFO] wiringPiISR() for pin [0] returned [0]
2024-05-25 13:45:27.210 [INFO] datacap started
2024-05-25 13:45:27.210 [INFO] waiting for events ...
2024-05-25 13:45:37.210 [INFO] waiting for events ...
2024-05-25 13:45:38.960 [DEBUG] exiting main loop
2024-05-25 13:45:38.960 [INFO] got signal [2], Interrupt
2024-05-25 13:45:38.960 [INFO] datacap exits
2024-05-25 13:51:33.347 [INFO] datacap starting
2024-05-25 13:51:33.348 [INFO] dc_id=[1]
2024-05-25 13:51:33.348 [INFO] init file path [/home/emdc/EMDC/etc/emdc.conf]
2024-05-25 13:51:33.350 [INFO] DATACAP1:GPIO_PIN_RA  [0]
2024-05-25 13:51:33.350 [INFO] DATACAP1:GPIO_PIN_RR  [0]
2024-05-25 13:51:33.351 [INFO] opening queue /qin
2024-05-25 13:51:33.351 [INFO] queue will be opened in non-blocking mode
2024-05-25 13:51:33.351 [INFO] max #msgs = 10, max #bytes/msg = 8192, #currently on queue = 0
2024-05-25 13:51:33.351 [INFO] queue /qin opened OK, descriptor [4]
2024-05-25 13:51:33.352 [INFO] pin [0] mode set to INPUT
2024-05-25 13:51:33.352 [INFO] detected status HIGH for pin [0]
2024-05-25 13:51:33.352 [INFO] pin [0] mode set to INPUT
2024-05-25 13:51:33.352 [INFO] detected status HIGH for pin [0]
2024-05-25 13:51:34.355 [INFO] wiringPiISR() for pin [0] returned [0]
2024-05-25 13:51:35.358 [INFO] wiringPiISR() for pin [0] returned [0]
2024-05-25 13:51:35.359 [INFO] datacap started
2024-05-25 13:51:35.359 [INFO] waiting for events ...
2024-05-25 13:51:45.359 [INFO] waiting for events ...
2024-05-25 13:51:55.360 [INFO] waiting for events ...
2024-05-25 13:52:05.361 [INFO] waiting for events ...
2024-05-25 13:52:15.361 [INFO] waiting for events ...
2024-05-25 13:52:18.463 [DEBUG] exiting main loop
2024-05-25 13:52:18.463 [INFO] got signal [2], Interrupt
2024-05-25 13:52:18.463 [INFO] datacap exits
2024-05-25 13:52:49.378 [INFO] datacap starting
2024-05-25 13:52:49.378 [INFO] dc_id=[1]
2024-05-25 13:52:49.379 [INFO] init file path [/home/emdc/EMDC/etc/emdc.conf]
2024-05-25 13:52:49.380 [INFO] DATACAP1:GPIO_PIN_RA  [0]
2024-05-25 13:52:49.381 [INFO] DATACAP1:GPIO_PIN_RR  [0]
2024-05-25 13:52:49.381 [INFO] opening queue /qin
2024-05-25 13:52:49.381 [INFO] queue will be opened in non-blocking mode
2024-05-25 13:52:49.381 [INFO] max #msgs = 10, max #bytes/msg = 8192, #currently on queue = 0
2024-05-25 13:52:49.382 [INFO] queue /qin opened OK, descriptor [4]
2024-05-25 13:52:49.382 [INFO] pin [0] mode set to INPUT
2024-05-25 13:52:49.382 [INFO] detected status HIGH for pin [0]
2024-05-25 13:52:49.382 [INFO] pin [0] mode set to INPUT
2024-05-25 13:52:49.383 [INFO] detected status HIGH for pin [0]
2024-05-25 13:52:50.386 [INFO] wiringPiISR() for pin [0] returned [0]
2024-05-25 13:52:51.388 [INFO] wiringPiISR() for pin [0] returned [0]
2024-05-25 13:52:51.389 [INFO] datacap started
2024-05-25 13:52:51.389 [INFO] waiting for events ...
2024-05-25 13:52:59.025 [DEBUG] exiting main loop
2024-05-25 13:52:59.026 [INFO] got signal [2], Interrupt
2024-05-25 13:52:59.026 [INFO] datacap exits
